--2020-03-22 08:23:39--  https://pipelines.actions.githubusercontent.com/TldQZJLpxlG1loyevFAxRcxAlKFJRoNxAApFwDd4Mflfnqa3jb/_apis/pipelines/1/runs/134/signedartifactscontent?artifactName=OpenWrt%20firmware&urlExpires=2020-03-22T08%3A24%3A09.8691431Z&urlSigningMethod=HMACV1&urlSignature=UeAlcME1EWJChiNIfFM6uFHQ0C12wHYTaMLp0fPVAEc%3D
Resolving pipelines.actions.githubusercontent.com (pipelines.actions.githubusercontent.com)... 13.107.42.16, 2620:1ec:21::16
Connecting to pipelines.actions.githubusercontent.com (pipelines.actions.githubusercontent.com)|13.107.42.16|:443... connected.
HTTP request sent, awaiting response... 200 OK
Length: unspecified [application/zip]
Saving to: ‘download/tmp/OpenWrt firmware.zip’

     0K .......... .......... .......... .......... .......... 37.7M
    50K .......... .......... .......... .......... ..........  263K
   100K .......... .......... .......... .......... .......... 26.6M
   150K .......... .......... .......... .......... ..........  197M
   200K .......... .......... .......... .......... .......... 42.1M
   250K .......... .......... .......... .......... ..........  109M
   300K .......... .......... .......... .......... ..........  204M
   350K .......... .......... .......... .......... ..........  217M
   400K .......... .......... .......... .......... ..........  254M
   450K .......... .......... .......... .......... ..........  164M
   500K .......... .......... .......... .......... ..........  132M
   550K .......... .......... .......... .......... ..........  200M
   600K .......... .......... .......... .......... ..........  127M
   650K .......... .......... .......... .......... .......... 94.2M
   700K .......... .......... .......... .......... .......... 90.4M
   750K .......... .......... .......... .......... ..........  111M
   800K .......... .......... .......... .......... .......... 23.0M
   850K .......... .......... .......... .......... ..........  249M
   900K .......... .......... .......... .......... ..........  255M
   950K .......... .......... .......... .......... ..........  219M
  1000K .......... .......... .......... .......... ..........  165M
  1050K .......... .......... .......... .......... ..........  222M
  1100K .......... .......... .......... .......... ..........  240M
  1150K .......... .......... .......... .......... ..........  149M
  1200K .......... .......... .......... .......... ..........  132M
  1250K .......... .......... .......... .......... .......... 96.9M
  1300K .......... .......... .......... .......... ..........  108M
  1350K .......... .......... .......... .......... .......... 83.9M
  1400K .......... .......... .......... .......... ..........  109M
  1450K .......... .......... .......... .......... ..........  119M
  1500K .......... .......... .......... .......... ..........  124M
  1550K .......... .......... .......... .......... .......... 15.4M
  1600K .......... .......... .......... .......... ..........  112M
  1650K .......... .......... .......... .......... .......... 73.7M
  1700K .......... .......... .......... .......... ..........  109M
  1750K .......... .......... .......... .......... .......... 91.4M
  1800K .......... .......... .......... .......... .......... 73.2M
  1850K .......... .......... .......... .......... .......... 73.1M
  1900K .......... .......... .......... .......... ..........  116M
  1950K .......... .......... .......... .......... .......... 96.1M
  2000K .......... .......... .......... .......... ..........  133M
  2050K .......... .......... .......... .......... ..........  123M
  2100K .......... .......... .......... .......... ..........  110M
  2150K .......... .......... .......... .......... ..........  112M
  2200K .......... .......... .......... .......... ..........  114M
  2250K .......... .......... .......... .......... .......... 53.8M
  2300K .......... .......... .......... .......... ..........  146M
  2350K .......... .......... .......... .......... .......... 79.5M
  2400K .......... .......... .......... .......... .......... 71.4M
  2450K .......... .......... .......... .......... ..........  122M
  2500K .......... .......... .......... .......... ..........  108M
  2550K .......... .......... .......... .......... .......... 78.6M
  2600K .......... .......... .......... .......... ..........  148M
  2650K .......... .......... .......... .......... ..........  100M
  2700K .......... .......... .......... .......... .......... 88.0M
  2750K .......... .......... .......... .......... .......... 41.5M
  2800K .......... .......... .......... .......... .......... 51.5M
  2850K .......... .......... .......... .......... ..........  127M
  2900K .......... .......... .......... .......... ..........  127M
  2950K .......... .......... .......... .......... .......... 55.2M
  3000K .......... .......... .......... .......... .......... 99.1M
  3050K .......... .......... .......... .......... ..........  116M
  3100K .......... .......... .......... .......... .......... 90.9M
  3150K .......... .......... .......... .......... ..........  139M
  3200K .......... .......... .......... .......... ..........  130M
  3250K .......... .......... .......... .......... ..........  143M
  3300K .......... .......... .......... .......... ..........  125M
  3350K .......... .......... .......... .......... ..........  149M
  3400K .......... .......... .......... .......... ..........  101M
  3450K .......... .......... .......... .......... ..........  112M
  3500K .......... .......... .......... .......... ..........  148M
  3550K .......... .......... .......... .......... .......... 97.9M
  3600K .......... .......... .......... .......... ..........  126M
  3650K .......... .......... .......... .......... ..........  130M
  3700K .......... .......... .......... .......... ..........  117M
  3750K .......... .......... .......... .......... ..........  164M
  3800K .......... .......... .......... .......... ..........  111M
  3850K .......... .......... .......... .......... ..........  155M
  3900K .......... .......... .......... .......... ..........  133M
  3950K .......... .......... .......... .......... ..........  120M
  4000K .......... .......... .......... .......... .......... 91.5M
  4050K .......... .......... .......... .......... ..........  145M
  4100K .......... .......... .......... .......... ..........  144M
  4150K .......... .......... .......... .......... ..........  279K
  4200K .......... .......... .......... .......... ..........  100M
  4250K .......... .......... .......... .......... ..........  114M
  4300K .......... .......... .......... .......... ..........  109M
  4350K .......... .......... .......... .......... .......... 78.7M
  4400K .......... .......... .......... .......... ..........  120M
  4450K .......... .......... .......... .......... ..........  116M
  4500K .......... .......... .......... .......... ..........  146M
  4550K .......... .......... .......... .......... ..........  100M
  4600K .......... .......... .......... .......... .......... 74.0M
  4650K .......... .......... .......... .......... .......... 78.2M
  4700K .......... .......... .......... .......... ..........  135M
  4750K .......... .......... .......... .......... ..........  142M
  4800K .......... .......... .......... .......... ..........  154M
  4850K .......... .......... .......... .......... ..........  164M
  4900K .......... .......... .......... .......... ..........  142M
  4950K .......... .......... .......... .......... ..........  116M
  5000K .......... .......... .......... .......... ..........  130M
  5050K .......... .......... .......... .......... .......... 86.0M
  5100K .......... .......... .......... .......... ..........  152M
  5150K .......... .......... .......... .......... ..........  119M
  5200K .......... .......... .......... .......... ..........  128M
  5250K .......... .......... .......... .......... .......... 95.9M
  5300K .......... .......... .......... .......... ..........  123M
  5350K .......... .......... .......... .......... ..........  115M
  5400K .......... .......... .......... .......... ..........  115M
  5450K .......... .......... .......... .......... ..........  132M
  5500K .......... .......... .......... .......... .......... 99.3M
  5550K .......... .......... .......... .......... .......... 75.9M
  5600K .......... .......... .......... .......... .......... 79.7M
  5650K .......... .......... .......... .......... ..........  118M
  5700K .......... .......... .......... .......... ..........  110M
  5750K .......... .......... .......... .......... .......... 87.3M
  5800K .......... .......... .......... .......... .......... 79.0M
  5850K .......... .......... .......... .......... ..........  184M
  5900K .......... .......... .......... .......... ..........  127M
  5950K .......... .......... .......... .......... .......... 97.1M
  6000K .......... .......... .......... .......... ..........  104M
  6050K .......... .......... .......... .......... .......... 94.0M
  6100K .......... .......... .......... .......... ..........  136M
  6150K .......... .......... .......... .......... .......... 68.8M
  6200K .......... .......... .......... .......... .......... 57.8M
  6250K .......... .......... .......... .......... ..........  100M
  6300K .......... .......... .......... .......... ..........  148M
  6350K .......... .......... .......... .......... .......... 77.3M
  6400K .......... .......... .......... .......... .......... 81.7M
  6450K .......... .......... .......... .......... .......... 89.9M
  6500K .......... .......... .......... .......... ..........  128M
  6550K .......... .......... .......... .......... ..........  149M
  6600K .......... .......... .......... .......... ..........  105M
  6650K .......... .......... .......... .......... ..........  125M
  6700K .......... .......... .......... .......... ..........  103M
  6750K .......... .......... .......... .......... .......... 87.8M
  6800K .......... .......... .......... .......... .......... 69.1M
  6850K .......... .......... .......... .......... ..........  110M
  6900K .......... .......... .......... .......... ..........  127M
  6950K .......... .......... .......... .......... ..........  105M
  7000K .......... .......... .......... .......... .......... 96.2M
  7050K .......... .......... .......... .......... ..........  131M
  7100K .......... .......... .......... .......... .......... 63.0M
  7150K .......... .......... .......... .......... ..........  138M
  7200K .......... .......... .......... .......... .......... 51.6M
  7250K .......... .......... .......... .......... ..........  135M
  7300K .......... .......... .......... .......... ..........  127M
  7350K .......... .......... .......... .......... ..........  105M
  7400K .......... .......... .......... .......... ..........  120M
  7450K .......... .......... .......... .......... ..........  121M
  7500K .......... .......... .......... .......... ..........  137M
  7550K .......... .......... .......... .......... .......... 90.1M
  7600K .......... .......... .......... .......... .......... 93.8M
  7650K .......... .......... .......... .......... ..........  114M
  7700K .......... .......... .......... .......... ..........  141M
  7750K .......... .......... .......... .......... ..........  121M
  7800K .......... .......... .......... .......... ..........  111M
  7850K .......... .......... .......... .......... ..........  120M
  7900K .......... .......... .......... .......... ..........  139M
  7950K .......... .......... .......... .......... .......... 85.9M
  8000K .......... .......... .......... .......... .......... 70.8M
  8050K .......... .......... .......... .......... ..........  212M
  8100K .......... .......... .......... .......... ..........  174M
  8150K .......... .......... .......... .......... ..........  112M
  8200K .......... .......... .......... .......... ..........  103M
  8250K .......... .......... .......... .......... ..........  262K
  8300K .......... .......... .......... .......... .......... 82.9M
  8350K .......... .......... .......... .......... .......... 87.2M
  8400K .......... .......... .......... .......... ..........  107M
  8450K .......... .......... .......... .......... .......... 67.7M
  8500K .......... .......... .......... .......... .......... 83.3M
  8550K .......... .......... .......... .......... ..........  106M
  8600K .......... .......... .......... .......... ..........  122M
  8650K .......... .......... .......... .......... ..........  113M
  8700K .......... .......... .......... .......... ..........  111M
  8750K .......... .......... .......... .......... ..........  107M
  8800K .......... .......... .......... .......... .......... 97.0M
  8850K .......... .......... .......... .......... ..........  124M
  8900K .......... .......... .......... .......... ..........  122M
  8950K .......... .......... .......... .......... ..........  103M
  9000K .......... .......... .......... .......... .......... 56.8M
  9050K .......... .......... .......... .......... ..........  103M
  9100K .......... .......... .......... .......... ..........  106M
  9150K .......... .......... .......... .......... .......... 92.2M
  9200K .......... .......... .......... .......... ..........  141M
  9250K .......... .......... .......... .......... ..........  104M
  9300K .......... .......... .......... .......... ..........  125M
  9350K .......... .......... .......... .......... ..........  117M
  9400K .......... .......... .......... .......... ..........  102M
  9450K .......... .......... .......... .......... ..........  130M
  9500K .......... .......... .......... .......... ..........  108M
  9550K .......... .......... .......... .......... ..........  110M
  9600K .......... .......... .......... .......... .......... 69.9M
  9650K .......... .......... .......... .......... .......... 80.4M
  9700K .......... .......... .......... .......... ..........  109M
  9750K .......... .......... .......... .......... .......... 79.0M
  9800K .......... .......... .......... .......... .......... 72.1M
  9850K .......... .......... .......... .......... ..........  102M
  9900K .......... .......... .......... .......... ..........  100M
  9950K .......... .......... .......... .......... .......... 28.9M
 10000K .......... .......... .......... .......... .......... 96.7M
 10050K .......... .......... .......... .......... .......... 90.5M
 10100K .......... .......... .......... .......... ..........  111M
 10150K .......... .......... .......... .......... .......... 88.8M
 10200K .......... .......... .......... .......... .......... 64.3M
 10250K .......... .......... .......... .......... ..........  128M
 10300K .......... .......... .......... .......... .......... 96.7M
 10350K .......... .......... .......... .......... .......... 71.7M
 10400K .......... .......... .......... .......... .......... 78.9M
 10450K .......... .......... .......... .......... .......... 93.0M
 10500K .......... .......... .......... .......... .......... 84.2M
 10550K .......... .......... .......... .......... .......... 90.6M
 10600K .......... .......... .......... .......... .......... 92.7M
 10650K .......... .......... .......... .......... .......... 86.3M
 10700K .......... .......... .......... .......... ..........  106M
 10750K .......... .......... .......... .......... .......... 86.8M
 10800K .......... .......... .......... .......... .......... 99.3M
 10850K .......... .......... .......... .......... .......... 81.4M
 10900K .......... .......... .......... .......... .......... 90.9M
 10950K .......... .......... .......... .......... .......... 76.2M
 11000K .......... .......... .......... .......... ..........  104M
 11050K .......... .......... .......... .......... .......... 92.2M
 11100K .......... .......... .......... .......... .......... 98.4M
 11150K .......... .......... .......... .......... .......... 63.8M
 11200K .......... .......... .......... .......... ..........  148M
 11250K .......... .......... .......... .......... .......... 80.3M
 11300K .......... .......... .......... .......... .......... 99.5M
 11350K .......... .......... .......... .......... .......... 83.4M
 11400K .......... .......... .......... .......... ..........  102M
 11450K .......... .......... .......... .......... .......... 91.2M
 11500K .......... .......... .......... .......... .......... 96.2M
 11550K .......... .......... .......... .......... .......... 82.8M
 11600K .......... .......... .......... .......... .......... 94.4M
 11650K .......... .......... .......... .......... .......... 85.8M
 11700K .......... .......... .......... .......... ..........  103M
 11750K .......... .......... .......... .......... .......... 75.1M
 11800K .......... .......... .......... .......... .......... 81.5M
 11850K .......... .......... .......... .......... ..........  101M
 11900K .......... .......... .......... .......... .......... 87.3M
 11950K .......... .......... .......... .......... .......... 73.6M
 12000K .......... .......... .......... .......... ..........  101M
 12050K .......... .......... .......... .......... .......... 88.9M
 12100K .......... .......... .......... .......... .......... 95.1M
 12150K .......... .......... .......... .......... .......... 85.8M
 12200K .......... .......... .......... .......... .......... 98.6M
 12250K .......... .......... .......... .......... .......... 96.3M
 12300K .......... .......... .......... .......... .......... 55.4M
 12350K .......... .......... .......... .......... ..........  292K
 12400K .......... .......... .......... .......... ..........  128M
 12450K .......... .......... .......... .......... ..........  102M
 12500K .......... .......... .......... .......... ..........  110M
 12550K .......... .......... .......... .......... ..........  142M
 12600K .......... .......... .......... .......... ..........  114M
 12650K .......... .......... .......... .......... ..........  129M
 12700K .......... .......... .......... .......... ..........  150M
 12750K .......... .......... .......... .......... .......... 98.7M
 12800K .......... .......... .......... .......... ..........  125M
 12850K .......... .......... .......... .......... ..........  145M
 12900K .......... .......... .......... .......... ..........  132M
 12950K .......... .......... .......... .......... .......... 95.9M
 13000K .......... .......... .......... .......... ..........  135M
 13050K .......... .......... .......... .......... ..........  132M
 13100K .......... .......... .......... .......... ..........  116M
 13150K .......... .......... .......... .......... ..........  102M
 13200K .......... .......... .......... .......... ..........  110M
 13250K .......... .......... .......... .......... ..........  170M
 13300K .......... .......... .......... .......... ..........  105M
 13350K .......... .......... .......... .......... ..........  131M
 13400K .......... .......... .......... .......... ..........  130M
 13450K .......... .......... .......... .......... ..........  120M
 13500K .......... .......... .......... .......... ..........  118M
 13550K .......... .......... .......... .......... ..........  122M
 13600K .......... .......... .......... .......... ..........  131M
 13650K .......... .......... .......... .......... ..........  140M
 13700K .......... .......... .......... .......... ..........  109M
 13750K .......... .......... .......... .......... ..........  131M
 13800K .......... .......... .......... .......... ..........  124M
 13850K .......... .......... .......... .......... ..........  121M
 13900K .......... .......... .......... .......... ..........  135M
 13950K .......... .......... .......... .......... ..........  105M
 14000K .......... .......... .......... .......... .......... 87.2M
 14050K .......... .......... .......... .......... ..........  127M
 14100K .......... .......... .......... .......... ..........  137M
 14150K .......... .......... .......... .......... ..........  109M
 14200K .......... .......... .......... .......... ..........  114M
 14250K .......... .......... .......... .......... ..........  131M
 14300K .......... .......... .......... .......... ..........  139M
 14350K .......... .......... .......... .......... ..........  101M
 14400K .......... .......... .......... .......... ..........  120M
 14450K .......... .......... .......... .......... ..........  155M
 14500K .......... .......... .......... .......... .......... 95.1M
 14550K .......... .......... .......... .......... ..........  119M
 14600K .......... .......... .......... .......... ..........  151M
 14650K .......... .......... .......... .......... ..........  136M
 14700K .......... .......... .......... .......... ..........  135M
 14750K .......... .......... .......... .......... .......... 84.3M
 14800K .......... .......... .......... .......... ..........  197M
 14850K .......... .......... .......... .......... ..........  122M
 14900K .......... .......... .......... .......... ..........  164M
 14950K .......... .......... .......... .......... ..........  119M
 15000K .......... .......... .......... .......... ..........  134M
 15050K .......... .......... .......... .......... ..........  119M
 15100K .......... .......... .......... .......... ..........  158M
 15150K .......... .......... .......... .......... ..........  111M
 15200K .......... .......... .......... .......... ..........  115M
 15250K .......... .......... .......... .......... ..........  155M
 15300K .......... .......... .......... .......... ..........  127M
 15350K .......... .......... .......... .......... ..........  107M
 15400K .......... .......... .......... .......... ..........  119M
 15450K .......... .......... .......... .......... ..........  136M
 15500K .......... .......... .......... .......... ..........  126M
 15550K .......... .......... .......... .......... ..........  107M
 15600K .......... .......... .......... .......... ..........  136M
 15650K .......... .......... .......... .......... ..........  119M
 15700K .......... .......... .......... .......... ..........  133M
 15750K .......... .......... .......... .......... ..........  104M
 15800K .......... .......... .......... .......... ..........  126M
 15850K .......... .......... .......... .......... ..........  146M
 15900K .......... .......... .......... .......... ..........  125M
 15950K .......... .......... .......... .......... ..........  114M
 16000K .......... .......... .......... .......... ..........  126M
 16050K .......... .......... .......... .......... ..........  112M
 16100K .......... .......... .......... .......... ..........  129M
 16150K .......... .......... .......... .......... ..........  148M
 16200K .......... .......... .......... .......... ..........  127M
 16250K .......... .......... .......... .......... ..........  112M
 16300K .......... .......... .......... .......... .......... 88.4M
 16350K .......... .......... .......... .......... ..........  152M
 16400K .......... .......... .......... .......... ..........  278K
 16450K .......... .......... .......... .......... ..........  117M
 16500K .......... .......... .......... .......... .......... 68.1M
 16550K .......... .......... .......... .......... .......... 98.5M
 16600K .......... .......... .......... .......... ..........  137M
 16650K .......... .......... .......... .......... ..........  133M
 16700K .......... .......... .......... .......... ..........  123M
 16750K .......... .......... .......... .......... .......... 72.0M
 16800K .......... .......... .......... .......... ..........  105M
 16850K .......... .......... .......... .......... ..........  146M
 16900K .......... .......... .......... .......... ..........  135M
 16950K .......... .......... .......... .......... .......... 88.0M
 17000K .......... .......... .......... .......... ..........  124M
 17050K .......... .......... .......... .......... ..........  127M
 17100K .......... .......... .......... .......... ..........  134M
 17150K .......... .......... .......... .......... .......... 51.0M
 17200K .......... .......... .......... .......... ..........  167M
 17250K .......... .......... .......... .......... ..........  173M
 17300K .......... .......... .......... .......... ..........  128M
 17350K .......... .......... .......... .......... ..........  104M
 17400K .......... .......... .......... .......... ..........  142M
 17450K .......... .......... .......... .......... ..........  111M
 17500K .......... .......... .......... .......... ..........  123M
 17550K .......... .......... .......... .......... .......... 90.8M
 17600K .......... .......... .......... .......... ..........  134M
 17650K .......... .......... .......... .......... ..........  137M
 17700K .......... .......... .......... .......... ..........  134M
 17750K .......... .......... .......... .......... ..........  114M
 17800K .......... .......... .......... .......... ..........  134M
 17850K .......... .......... .......... .......... ..........  129M
 17900K .......... .......... .......... .......... ..........  121M
 17950K .......... .......... .......... .......... ..........  114M
 18000K .......... .......... .......... .......... ..........  110M
 18050K .......... .......... .......... .......... ..........  178M
 18100K .......... .......... .......... .......... ..........  131M
 18150K .......... .......... .......... .......... ..........  106M
 18200K .......... .......... .......... .......... ..........  135M
 18250K .......... .......... .......... .......... ..........  120M
 18300K .......... .......... .......... .......... ..........  141M
 18350K .......... .......... .......... .......... ..........  114M
 18400K .......... .......... .......... .......... ..........  138M
 18450K .......... .......... .......... .......... ..........  130M
 18500K .......... .......... .......... .......... ..........  138M
 18550K .......... .......... .......... .......... ..........  105M
 18600K .......... .......... .......... .......... ..........  124M
 18650K .......... .......... .......... .......... ..........  111M
 18700K .......... .......... .......... .......... ..........  173M
 18750K .......... .......... .......... .......... .......... 30.2M
 18800K .......... .......... .......... .......... ..........  154M
 18850K .......... .......... .......... .......... ..........  227M
 18900K .......... .......... .......... .......... .......... 36.8M
 18950K .......... .......... .......... .......... ..........  181M
 19000K .......... .......... .......... .......... ..........  232M
 19050K .......... .......... .......... .......... ..........  239M
 19100K .......... .......... .......... .......... ..........  168M
 19150K .......... .......... .......... .......... ..........  186M
 19200K .......... .......... .......... .......... ..........  213M
 19250K .......... .......... .......... .......... ..........  165M
 19300K .......... .......... .......... .......... ..........  108M
 19350K .......... .......... .......... .......... ..........  112M
 19400K .......... .......... .......... .......... ..........  105M
 19450K .......... .......... .......... .......... ..........  113M
 19500K .......... .......... .......... .......... ..........  117M
 19550K .......... .......... .......... .......... .......... 75.0M
 19600K .......... .......... .......... .......... ..........  197M
 19650K .......... .......... .......... .......... ..........  108M
 19700K .......... .......... .......... .......... .......... 67.7M
 19750K .......... .......... .......... .......... ..........  189M
 19800K .......... .......... .......... .......... ..........  192M
 19850K .......... .......... .......... .......... ..........  111M
 19900K .......... .......... .......... .......... ..........  126M
 19950K .......... .......... .......... .......... ..........  100M
 20000K .......... .......... .......... .......... ..........  133M
 20050K .......... .......... .......... .......... ..........  117M
 20100K .......... .......... .......... .......... ..........  138M
 20150K .......... .......... .......... .......... .......... 97.8M
 20200K .......... .......... .......... .......... .......... 70.0M
 20250K .......... .......... .......... .......... .......... 98.8M
 20300K .......... .......... .......... .......... ..........  144M
 20350K .......... .......... .......... .......... ..........  101M
 20400K .......... .......... .......... .......... ..........  103M
 20450K .......... .......... .......... .......... ..........  127M
 20500K .......... .......... .......... .......... ..........  282K
 20550K .......... .......... .......... .......... .......... 84.8M
 20600K .......... .......... .......... .......... .......... 66.3M
 20650K .......... .......... .......... .......... .......... 54.6M
 20700K .......... .......... .......... .......... .......... 96.4M
 20750K .......... .......... .......... .......... .......... 49.8M
 20800K .......... .......... .......... .......... .......... 69.1M
 20850K .......... .......... .......... .......... .......... 81.5M
 20900K .......... .......... .......... .......... .......... 42.9M
 20950K .......... .......... .......... .......... .......... 78.7M
 21000K .......... .......... .......... .......... .......... 86.9M
 21050K .......... .......... .......... .......... .......... 71.6M
 21100K .......... .......... .......... .......... .......... 76.6M
 21150K .......... .......... .......... .......... .......... 68.8M
 21200K .......... .......... .......... .......... .......... 85.9M
 21250K .......... .......... .......... .......... .......... 80.4M
 21300K .......... .......... .......... .......... .......... 72.8M
 21350K .......... .......... .......... .......... .......... 83.5M
 21400K .......... .......... .......... .......... .......... 85.2M
 21450K .......... .......... .......... .......... .......... 66.1M
 21500K .......... .......... .......... .......... .......... 88.4M
 21550K .......... .......... .......... .......... .......... 35.9M
 21600K .......... .......... .......... .......... ..........  105M
 21650K .......... .......... .......... .......... .......... 83.7M
 21700K .......... .......... .......... .......... .......... 83.1M
 21750K .......... .......... .......... .......... .......... 64.9M
 21800K .......... .......... .......... .......... .......... 23.6M
 21850K .......... .......... .......... .......... ..........  138M
 21900K .......... .......... .......... .......... .......... 88.4M
 21950K .......... .......... .......... .......... .......... 66.8M
 22000K .......... .......... .......... .......... .......... 68.3M
 22050K .......... .......... .......... .......... .......... 60.1M
 22100K .......... .......... .......... .......... ..........  110M
 22150K .......... .......... .......... .......... .......... 83.1M
 22200K .......... .......... .......... .......... .......... 77.7M
 22250K .......... .......... .......... .......... .......... 68.8M
 22300K .......... .......... .......... .......... .......... 87.7M
 22350K .......... .......... .......... .......... .......... 55.5M
 22400K .......... .......... .......... .......... .......... 83.1M
 22450K .......... .......... .......... .......... .......... 78.7M
 22500K .......... .......... .......... .......... .......... 87.3M
 22550K .......... .......... .......... .......... .......... 80.0M
 22600K .......... .......... .......... .......... .......... 88.1M
 22650K .......... .......... .......... .......... .......... 87.1M
 22700K .......... .......... .......... .......... .......... 75.0M
 22750K .......... .......... .......... .......... .......... 56.3M
 22800K .......... .......... .......... .......... .......... 86.3M
 22850K .......... .......... .......... .......... .......... 83.8M
 22900K .......... .......... .......... .......... .......... 76.1M
 22950K .......... .......... .......... .......... .......... 68.4M
 23000K .......... .......... .......... .......... .......... 83.5M
 23050K .......... .......... .......... .......... .......... 77.7M
 23100K .......... .......... .......... .......... .......... 77.4M
 23150K .......... .......... .......... .......... .......... 79.9M
 23200K .......... .......... .......... .......... .......... 77.5M
 23250K .......... .......... .......... .......... .......... 79.9M
 23300K .......... .......... .......... .......... .......... 81.2M
 23350K .......... .......... .......... .......... .......... 61.5M
 23400K .......... .......... .......... .......... .......... 79.3M
 23450K .......... .......... .......... .......... .......... 73.3M
 23500K .......... .......... .......... .......... ..........  118M
 23550K .......... .......... .......... .......... .......... 92.6M
 23600K .......... .......... .......... .......... ..........  113M
 23650K .......... .......... .......... .......... ..........  117M
 23700K .......... .......... .......... .......... ..........  129M
 23750K .......... .......... .......... .......... ..........  103M
 23800K .......... .......... .......... .......... ..........  135M
 23850K .......... .......... .......... .......... ..........  119M
 23900K .......... .......... .......... .......... ..........  122M
 23950K .......... .......... .......... .......... ..........  114M
 24000K .......... .......... .......... .......... ..........  130M
 24050K .......... .......... .......... .......... ..........  136M
 24100K .......... .......... .......... .......... ..........  115M
 24150K .......... .......... .......... .......... ..........  123M
 24200K .......... .......... .......... .......... ..........  127M
 24250K .......... .......... .......... .......... ..........  124M
 24300K .......... .......... .......... .......... ..........  126M
 24350K .......... .......... .......... .......... ..........  110M
 24400K .......... .......... .......... .......... ..........  121M
 24450K .......... .......... .......... .......... .......... 95.9M
 24500K .......... .......... .......... .......... ..........  125M
 24550K .......... .......... .......... .......... ..........  105M
 24600K .......... .......... .......... .......... ..........  295K
 24650K .......... .......... .......... .......... .......... 29.8M
 24700K .......... .......... .......... .......... .......... 98.5M
 24750K .......... .......... .......... .......... ..........  115M
 24800K .......... .......... .......... .......... ..........  112M
 24850K .......... .......... .......... .......... ..........  128M
 24900K .......... .......... .......... .......... ..........  117M
 24950K .......... .......... .......... .......... ..........  117M
 25000K .......... .......... .......... .......... ..........  134M
 25050K .......... .......... .......... .......... ..........  110M
 25100K .......... .......... .......... .......... ..........  132M
 25150K .......... .......... .......... .......... ..........  104M
 25200K .......... .......... .......... .......... ..........  134M
 25250K .......... .......... .......... .......... ..........  116M
 25300K .......... .......... .......... .......... ..........  131M
 25350K .......... .......... .......... .......... ..........  112M
 25400K .......... .......... .......... .......... ..........  145M
 25450K .......... .......... .......... .......... ..........  124M
 25500K .......... .......... .......... .......... ..........  110M
 25550K .......... .......... .......... .......... .......... 89.1M
 25600K .......... .......... .......... .......... ..........  130M
 25650K .......... .......... .......... .......... ..........  125M
 25700K .......... .......... .......... .......... ..........  130M
 25750K .......... .......... .......... .......... .......... 75.5M
 25800K .......... .......... .......... .......... ..........  208M
 25850K .......... .......... .......... .......... ..........  133M
 25900K .......... .......... .......... .......... ..........  129M
 25950K .......... .......... .......... .......... ..........  112M
 26000K .......... .......... .......... .......... ..........  124M
 26050K .......... .......... .......... .......... ..........  125M
 26100K .......... .......... .......... .......... ..........  139M
 26150K .......... .......... .......... .......... ..........  102M
 26200K .......... .......... .......... .......... ..........  120M
 26250K .......... .......... .......... .......... ..........  135M
 26300K .......... .......... .......... .......... ..........  106M
 26350K .......... .......... .......... .......... ..........  123M
 26400K .......... .......... .......... .......... ..........  130M
 26450K .......... .......... .......... .......... ..........  126M
 26500K .......... .......... .......... .......... ..........  124M
 26550K .......... .......... .......... .......... ..........  118M
 26600K .......... .......... .......... .......... ..........  128M
 26650K .......... .......... .......... .......... ..........  125M
 26700K .......... .......... .......... .......... ..........  138M
 26750K .......... .......... .......... .......... ..........  106M
 26800K .......... .......... .......... .......... ..........  126M
 26850K .......... .......... .......... .......... ..........  110M
 26900K .......... .......... .......... .......... ..........  151M
 26950K .......... .......... .......... .......... ..........  109M
 27000K .......... .......... .......... .......... ..........  128M
 27050K .......... .......... .......... .......... ..........  133M
 27100K .......... .......... .......... .......... ..........  124M
 27150K .......... .......... .......... .......... ..........  107M
 27200K .......... .......... .......... .......... ..........  145M
 27250K .......... .......... .......... .......... ..........  122M
 27300K .......... .......... .......... .......... ..........  131M
 27350K .......... .......... .......... .......... ..........  109M
 27400K .......... .......... .......... .......... ..........  120M
 27450K .......... .......... .......... .......... .......... 92.8M
 27500K .......... .......... .......... .......... ..........  181M
 27550K .......... .......... .......... .......... ..........  108M
 27600K .......... .......... .......... .......... ..........  124M
 27650K .......... .......... .......... .......... ..........  112M
 27700K .......... .......... .......... .......... ..........  125M
 27750K .......... .......... .......... .......... ..........  117M
 27800K .......... .......... .......... .......... ..........  131M
 27850K .......... .......... .......... .......... ..........  131M
 27900K .......... .......... .......... .......... ..........  141M
 27950K .......... .......... .......... .......... ..........  110M
 28000K .......... .......... .......... .......... ..........  109M
 28050K .......... .......... .......... .......... ..........  113M
 28100K .......... .......... .......... .......... ..........  153M
 28150K .......... .......... .......... .......... ..........  107M
 28200K .......... .......... .......... .......... ..........  144M
 28250K .......... .......... .......... .......... ..........  105M
 28300K .......... .......... .......... .......... ..........  123M
 28350K .......... .......... .......... .......... ..........  112M
 28400K .......... .......... .......... .......... ..........  135M
 28450K .......... .......... .......... .......... ..........  137M
 28500K .......... .......... .......... .......... ..........  127M
 28550K .......... .......... .......... .......... ..........  112M
 28600K .......... .......... .......... .......... ..........  119M
 28650K .......... .......... .......... .......... ..........  113M
 28700K .......... .......... .......... .......... ..........  280K
 28750K .......... .......... .......... .......... ..........  104M
 28800K .......... .......... .......... .......... ..........  117M
 28850K .......... .......... .......... .......... .......... 85.1M
 28900K .......... .......... .......... .......... ..........  123M
 28950K .......... .......... .......... .......... .......... 97.8M
 29000K .......... .......... .......... .......... ..........  105M
 29050K .......... .......... .......... .......... ..........  129M
 29100K .......... .......... .......... .......... ..........  116M
 29150K .......... .......... .......... .......... .......... 49.9M
 29200K .......... .......... .......... .......... ..........  136M
 29250K .......... .......... .......... .......... ..........  116M
 29300K .......... .......... .......... .......... ..........  116M
 29350K .......... .......... .......... .......... ..........  105M
 29400K .......... .......... .......... .......... ..........  129M
 29450K .......... .......... .......... .......... ..........  117M
 29500K .......... .......... .......... .......... ..........  133M
 29550K .......... .......... .......... .......... .......... 95.7M
 29600K .......... .......... .......... .......... ..........  124M
 29650K .......... .......... .......... .......... ..........  121M
 29700K .......... .......... .......... .......... ..........  117M
 29750K .......... .......... .......... .......... ..........  103M
 29800K .......... .......... .......... .......... ..........  126M
 29850K .......... .......... .......... .......... ..........  126M
 29900K .......... .......... .......... .......... ..........  119M
 29950K .......... .......... .......... .......... ..........  104M
 30000K .......... .......... .......... .......... ..........  105M
 30050K .......... .......... .......... .......... ..........  165M
 30100K .......... .......... .......... .......... ..........  141M
 30150K .......... .......... .......... .......... ..........  104M
 30200K .......... .......... .......... .......... ..........  124M
 30250K .......... .......... .......... .......... ..........  123M
 30300K .......... .......... .......... .......... ..........  111M
 30350K .......... .......... .......... .......... ..........  119M
 30400K .......... .......... .......... .......... ..........  117M
 30450K .......... .......... .......... .......... ..........  136M
 30500K .......... .......... .......... .......... .......... 45.7M
 30550K .......... .......... .......... .......... .......... 89.3M
 30600K .......... .......... .......... .......... ..........  174M
 30650K .......... .......... .......... .......... ..........  148M
 30700K .......... .......... .......... .......... ..........  119M
 30750K .......... .......... .......... .......... ..........  115M
 30800K .......... .......... .......... .......... ..........  115M
 30850K .......... .......... .......... .......... ..........  147M
 30900K .......... .......... .......... .......... ..........  133M
 30950K .......... .......... .......... .......... ..........  107M
 31000K .......... .......... .......... .......... ..........  114M
 31050K .......... .......... .......... .......... ..........  129M
 31100K .......... .......... .......... .......... ..........  136M
 31150K .......... .......... .......... .......... ..........  112M
 31200K .......... .......... .......... .......... ..........  135M
 31250K .......... .......... .......... .......... ..........  127M
 31300K .......... .......... .......... .......... ..........  103M
 31350K .......... .......... .......... .......... ..........  121M
 31400K .......... .......... .......... .......... ..........  140M
 31450K .......... .......... .......... .......... ..........  123M
 31500K .......... .......... .......... .......... ..........  123M
 31550K .......... .......... .......... .......... ..........  117M
 31600K .......... .......... .......... .......... ..........  104M
 31650K .......... .......... .......... .......... ..........  154M
 31700K .......... .......... .......... .......... ..........  107M
 31750K .......... .......... .......... .......... .......... 44.2M
 31800K .......... .......... .......... .......... ..........  166M
 31850K .......... .......... .......... .......... ..........  145M
 31900K .......... .......... .......... .......... ..........  122M
 31950K .......... .......... .......... .......... ..........  115M
 32000K .......... .......... .......... .......... ..........  128M
 32050K .......... .......... .......... .......... ..........  110M
 32100K .......... .......... .......... .......... ..........  108M
 32150K .......... .......... .......... .......... ..........  122M
 32200K .......... .......... .......... .......... ..........  132M
 32250K .......... .......... .......... .......... ..........  118M
 32300K .......... .......... .......... .......... ..........  153M
 32350K .......... .......... .......... .......... ..........  102M
 32400K .......... .......... .......... .......... ..........  110M
 32450K .......... .......... .......... .......... ..........  127M
 32500K .......... .......... .......... .......... ..........  122M
 32550K .......... .......... .......... .......... ..........  114M
 32600K .......... .......... .......... .......... ..........  118M
 32650K .......... .......... .......... .......... ..........  130M
 32700K .......... .......... .......... .......... ..........  116M
 32750K .......... .......... .......... .......... ..........  107M
 32800K .......... .......... .......... .......... ..........  284K
 32850K .......... .......... .......... .......... .......... 96.0M
 32900K .......... .......... .......... .......... .......... 79.7M
 32950K .......... .......... .......... .......... .......... 84.4M
 33000K .......... .......... .......... .......... .......... 64.9M
 33050K .......... .......... .......... .......... ..........  132M
 33100K .......... .......... .......... .......... ..........  126M
 33150K .......... .......... .......... .......... .......... 85.5M
 33200K .......... .......... .......... .......... ..........  116M
 33250K .......... .......... .......... .......... ..........  103M
 33300K .......... .......... .......... .......... ..........  109M
 33350K .......... .......... .......... .......... .......... 97.7M
 33400K .......... .......... .......... .......... .......... 96.1M
 33450K .......... .......... .......... .......... ..........  119M
 33500K .......... .......... .......... .......... ..........  106M
 33550K .......... .......... .......... .......... .......... 62.3M
 33600K .......... .......... .......... .......... ..........  110M
 33650K .......... .......... .......... .......... ..........  107M
 33700K .......... .......... .......... .......... ..........  127M
 33750K .......... .......... .......... .......... .......... 94.8M
 33800K .......... .......... .......... .......... ..........  107M
 33850K .......... .......... .......... .......... .......... 77.9M
 33900K .......... .......... .......... .......... ..........  121M
 33950K .......... .......... .......... .......... .......... 89.7M
 34000K .......... .......... .......... .......... .......... 78.8M
 34050K .......... .......... .......... .......... ..........  167M
 34100K .......... .......... .......... .......... ..........  114M
 34150K .......... .......... .......... .......... .......... 95.4M
 34200K .......... .......... .......... .......... ..........  107M
 34250K .......... .......... .......... .......... ..........  113M
 34300K .......... .......... .......... .......... ..........  119M
 34350K .......... .......... .......... .......... .......... 80.1M
 34400K .......... .......... .......... .......... ..........  135M
 34450K .......... .......... .......... .......... .......... 33.9M
 34500K .......... .......... .......... .......... ..........  114M
 34550K .......... .......... .......... .......... .......... 59.0M
 34600K .......... .......... .......... .......... .......... 91.1M
 34650K .......... .......... .......... .......... ..........  103M
 34700K .......... .......... .......... .......... .......... 85.1M
 34750K .......... .......... .......... .......... .......... 83.7M
 34800K .......... .......... .......... .......... .......... 76.4M
 34850K .......... .......... .......... .......... ..........  124M
 34900K .......... .......... .......... .......... ..........  106M
 34950K .......... .......... .......... .......... .......... 73.7M
 35000K .......... .......... .......... .......... ..........  119M
 35050K .......... .......... .......... .......... .......... 60.3M
 35100K .......... .......... .......... .......... ..........  109M
 35150K .......... .......... .......... .......... .......... 47.9M
 35200K .......... .......... .......... .......... .......... 88.8M
 35250K .......... .......... .......... .......... .......... 71.6M
 35300K .......... .......... .......... .......... ..........  106M
 35350K .......... .......... .......... .......... .......... 77.5M
 35400K .......... .......... .......... .......... ..........  112M
 35450K .......... .......... .......... .......... .......... 84.4M
 35500K .......... .......... .......... .......... .......... 87.0M
 35550K .......... .......... .......... .......... .......... 77.7M
 35600K .......... .......... .......... .......... .......... 78.7M
 35650K .......... .......... .......... .......... .......... 95.3M
 35700K .......... .......... .......... .......... ..........  129M
 35750K .......... .......... .......... .......... .......... 99.6M
 35800K .......... .......... .......... .......... .......... 91.3M
 35850K .......... .......... .......... .......... ..........  108M
 35900K .......... .......... .......... .......... .......... 90.8M
 35950K .......... .......... .......... .......... .......... 89.3M
 36000K .......... .......... .......... .......... .......... 96.1M
 36050K .......... .......... .......... .......... ..........  113M
 36100K .......... .......... .......... .......... .......... 72.5M
 36150K .......... .......... .......... .......... .......... 62.9M
 36200K .......... .......... .......... .......... ..........  132M
 36250K .......... .......... .......... .......... ..........  107M
 36300K .......... .......... .......... .......... .......... 94.9M
 36350K .......... .......... .......... .......... .......... 98.0M
 36400K .......... .......... .......... .......... ..........  103M
 36450K .......... .......... .......... .......... .......... 97.9M
 36500K .......... .......... .......... .......... .......... 93.4M
 36550K .......... .......... .......... .......... ..........  115M
 36600K .......... .......... .......... .......... .......... 99.5M
 36650K .......... .......... .......... .......... ..........  117M
 36700K .......... .......... .......... .......... ..........  113M
 36750K .......... .......... .......... .......... .......... 85.2M
 36800K .......... .......... .......... .......... ..........  124M
 36850K .......... .......... .......... .......... ..........  111M
 36900K .......... .......... .......... .......... ..........  284K
 36950K .......... .......... .......... .......... .......... 56.9M
 37000K .......... .......... .......... .......... .......... 26.9M
 37050K .......... .......... .......... .......... .......... 69.7M
 37100K .......... .......... .......... .......... ..........  105M
 37150K .......... .......... .......... .......... .......... 72.2M
 37200K .......... .......... .......... .......... .......... 83.1M
 37250K .......... .......... .......... .......... ..........  155M
 37300K .......... .......... .......... .......... .......... 90.4M
 37350K .......... .......... .......... .......... ..........  146M
 37400K .......... .......... .......... .......... ..........  126M
 37450K .......... .......... .......... .......... ..........  121M
 37500K .......... .......... .......... .......... ..........  133M
 37550K .......... .......... .......... .......... ..........  109M
 37600K .......... .......... .......... .......... .......... 59.5M
 37650K .......... .......... .......... .......... ..........  208M
 37700K .......... .......... .......... .......... ..........  232M
 37750K .......... .......... .......... .......... ..........  130M
 37800K .......... .......... .......... .......... ..........  134M
 37850K .......... .......... .......... .......... ..........  102M
 37900K .......... .......... .......... .......... ..........  139M
 37950K .......... .......... .......... .......... .......... 97.9M
 38000K .......... .......... .......... .......... .......... 97.0M
 38050K .......... .......... .......... .......... ..........  143M
 38100K .......... .......... .......... .......... .......... 75.1M
 38150K .......... .......... .......... .......... ..........  112M
 38200K .......... .......... .......... .......... .......... 81.1M
 38250K .......... .......... .......... .......... ..........  127M
 38300K .......... .......... .......... .......... .......... 79.6M
 38350K .......... .......... .......... .......... .......... 92.9M
 38400K .......... .......... .......... .......... .......... 79.2M
 38450K .......... .......... .......... .......... ..........  113M
 38500K .......... .......... .......... .......... .......... 85.5M
 38550K .......... .......... .......... .......... ..........  111M
 38600K .......... .......... .......... .......... ..........  113M
 38650K .......... .......... .......... .......... ..........  125M
 38700K .......... .......... .......... .......... ..........  130M
 38750K .......... .......... .......... .......... ..........  108M
 38800K .......... .......... .......... .......... ..........  121M
 38850K .......... .......... .......... .......... .......... 91.3M
 38900K .......... .......... .......... .......... ..........  115M
 38950K .......... .......... .......... .......... ..........  117M
 39000K .......... .......... .......... .......... ..........  122M
 39050K .......... .......... .......... .......... ..........  116M
 39100K .......... .......... .......... .......... ..........  127M
 39150K .......... .......... .......... .......... ..........  109M
 39200K .......... .......... .......... .......... ..........  134M
 39250K .......... .......... .......... .......... ..........  133M
 39300K .......... .......... .......... .......... ..........  131M
 39350K .......... .......... .......... .......... .......... 86.2M
 39400K .......... .......... .......... .......... ..........  176M
 39450K .......... .......... .......... .......... ..........  106M
 39500K .......... .......... .......... .......... ..........  143M
 39550K .......... .......... .......... .......... ..........  117M
 39600K .......... .......... .......... .......... ..........  122M
 39650K .......... .......... .......... .......... ..........  126M
 39700K .......... .......... .......... .......... ..........  128M
 39750K .......... .......... .......... .......... ..........  115M
 39800K .......... .......... .......... .......... ..........  102M
 39850K .......... .......... .......... .......... .......... 88.7M
 39900K .......... .......... .......... .......... .......... 93.2M
 39950K .......... .......... .......... .......... .......... 65.4M
 40000K .......... .......... .......... .......... .......... 85.6M
 40050K .......... .......... .......... .......... .......... 66.5M
 40100K .......... .......... .......... .......... .......... 56.5M
 40150K .......... .......... .......... .......... .......... 46.7M
 40200K .......... .......... .......... .......... .......... 35.9M
 40250K .......... .......... .......... .......... .......... 53.7M
 40300K .......... .......... .......... .......... .......... 56.0M
 40350K .......... .......... .......... .......... .......... 53.0M
 40400K .......... .......... .......... .......... .......... 32.1M
 40450K .......... .......... .......... .......... ..........  156M
 40500K .......... .......... .......... .......... .......... 86.1M
 40550K .......... .......... .......... .......... .......... 51.8M
 40600K .......... .......... .......... .......... .......... 65.1M
 40650K .......... .......... .......... .......... .......... 58.2M
 40700K .......... .......... .......... .......... .......... 58.6M
 40750K .......... .......... .......... .......... .......... 51.8M
 40800K .......... .......... .......... .......... .......... 59.2M
 40850K .......... .......... .......... .......... .......... 58.0M
 40900K .......... .......... .......... .......... .......... 69.1M
 40950K .......... .......... .......... .......... .......... 51.7M
 41000K .......... .......... .......... .......... ..........  312K
 41050K .......... .......... .......... .......... ..........  125M
 41100K .......... .......... .......... .......... .......... 87.3M
 41150K .......... .......... .......... .......... .......... 82.5M
 41200K .......... .......... .......... .......... .......... 66.0M
 41250K .......... .......... .......... .......... ..........  114M
 41300K .......... .......... .......... .......... ..........  107M
 41350K .......... .......... .......... .......... .......... 98.0M
 41400K .......... .......... .......... .......... ..........  114M
 41450K .......... .......... .......... .......... .......... 85.8M
 41500K .......... .......... .......... .......... ..........  146M
 41550K .......... .......... .......... .......... .......... 93.5M
 41600K .......... .......... .......... .......... ..........  112M
 41650K .......... .......... .......... .......... ..........  114M
 41700K .......... .......... .......... .......... .......... 98.4M
 41750K .......... .......... .......... .......... .......... 51.5M
 41800K .......... .......... .......... .......... ..........  163M
 41850K .......... .......... .......... .......... ..........  105M
 41900K .......... .......... .......... .......... ..........  107M
 41950K .......... .......... .......... .......... ..........  102M
 42000K .......... .......... .......... .......... ..........  112M
 42050K .......... .......... .......... .......... .......... 91.4M
 42100K .......... .......... .......... .......... ..........  122M
 42150K .......... .......... .......... .......... .......... 91.3M
 42200K .......... .......... .......... .......... .......... 97.5M
 42250K .......... .......... .......... .......... ..........  117M
 42300K .......... .......... .......... .......... ..........  111M
 42350K .......... .......... .......... .......... .......... 92.8M
 42400K .......... .......... .......... .......... ..........  104M
 42450K .......... .......... .......... .......... ..........  117M
 42500K .......... .......... .......... .......... .......... 93.7M
 42550K .......... .......... .......... .......... ..........  100M
 42600K .......... .......... .......... .......... ..........  127M
 42650K .......... .......... .......... .......... .......... 59.1M
 42700K .......... .......... .......... .......... ..........  118M
 42750K .......... .......... .......... .......... .......... 36.2M
 42800K .......... .......... .......... .......... ..........  107M
 42850K .......... .......... .......... .......... ..........  118M
 42900K .......... .......... .......... .......... ..........  107M
 42950K .......... .......... .......... .......... .......... 93.0M
 43000K .......... .......... .......... .......... ..........  113M
 43050K .......... .......... .......... .......... ..........  114M
 43100K .......... .......... .......... .......... .......... 98.3M
 43150K .......... .......... .......... .......... .......... 67.7M
 43200K .......... .......... .......... .......... ..........  180M
 43250K .......... .......... .......... .......... ..........  135M
 43300K .......... .......... .......... .......... ..........  112M
 43350K .......... .......... .......... .......... .......... 87.3M
 43400K .......... .......... .......... .......... ..........  125M
 43450K .......... .......... .......... .......... ..........  102M
 43500K .......... .......... .......... .......... ..........  121M
 43550K .......... .......... .......... .......... .......... 86.3M
 43600K .......... .......... .......... .......... ..........  112M
 43650K .......... .......... .......... .......... .......... 98.2M
 43700K .......... .......... .......... .......... ..........  135M
 43750K .......... .......... .......... .......... .......... 85.5M
 43800K .......... .......... .......... .......... ..........  112M
 43850K .......... .......... .......... .......... ..........  109M
 43900K .......... .......... .......... .......... ..........  114M
 43950K .......... .......... .......... .......... .......... 83.4M
 44000K .......... .......... .......... .......... ..........  123M
 44050K .......... .......... .......... .......... ..........  112M
 44100K .......... .......... .......... .......... ..........  114M
 44150K .......... .......... .......... .......... .......... 97.9M
 44200K .......... .......... .......... .......... ..........  107M
 44250K .......... .......... .......... .......... ..........  101M
 44300K .......... .......... .......... .......... ..........  122M
 44350K .......... .......... .......... .......... .......... 92.7M
 44400K .......... .......... .......... .......... ..........  101M
 44450K .......... .......... .......... .......... .......... 91.9M
 44500K .......... .......... .......... .......... ..........  148M
 44550K .......... .......... .......... .......... .......... 92.6M
 44600K .......... .......... .......... .......... ..........  110M
 44650K .......... .......... .......... .......... .......... 87.7M
 44700K .......... .......... .......... .......... .......... 75.7M
 44750K .......... .......... .......... .......... ..........  121M
 44800K .......... .......... .......... .......... ..........  116M
 44850K .......... .......... .......... .......... ..........  103M
 44900K .......... .......... .......... .......... ..........  119M
 44950K .......... .......... .......... .......... .......... 96.1M
 45000K .......... .......... .......... .......... ..........  118M
 45050K .......... .......... .......... .......... ..........  109M
 45100K .......... .......... .......... .......... ..........  276K
 45150K .......... .......... .......... .......... .......... 79.5M
 45200K .......... .......... .......... .......... .......... 95.3M
 45250K .......... .......... .......... .......... .......... 88.8M
 45300K .......... .......... .......... .......... .......... 63.2M
 45350K .......... .......... .......... .......... .......... 10.6M
 45400K .......... .......... .......... .......... ..........  181M
 45450K .......... .......... .......... .......... ..........  263M
 45500K .......... .......... .......... .......... ..........  267M
 45550K .......... .......... .......... .......... .......... 29.6M
 45600K .......... .......... .......... .......... ..........  200M
 45650K .......... .......... .......... .......... ..........  263M
 45700K .......... .......... .......... .......... ..........  215M
 45750K .......... .......... .......... .......... ..........  191M
 45800K .......... .......... .......... .......... ..........  253M
 45850K .......... .......... .......... .......... ..........  273M
 45900K .......... .......... .......... .......... ..........  225M
 45950K .......... .......... .......... .......... ..........  219M
 46000K .......... .......... .......... .......... ..........  266M
 46050K .......... .......... .......... .......... ..........  215M
 46100K .......... .......... .......... .......... ..........  262M
 46150K .......... .......... .......... .......... ..........  190M
 46200K .......... .......... .......... .......... ..........  209M
 46250K .......... .......... .......... .......... ..........  261M
 46300K .......... .......... .......... .......... ..........  215M
 46350K .......... .......... .......... .......... ..........  136M
 46400K .......... .......... .......... .......... .......... 71.8M
 46450K .......... .......... .......... .......... ..........  102M
 46500K .......... .......... .......... .......... .......... 94.2M
 46550K .......... .......... .......... .......... .......... 90.5M
 46600K .......... .......... .......... .......... .......... 79.3M
 46650K .......... .......... .......... .......... .......... 86.9M
 46700K .......... .......... .......... .......... ..........  107M
 46750K .......... .......... .......... .......... .......... 29.2M
 46800K .......... .......... .......... .......... ..........  108M
 46850K .......... .......... .......... .......... .......... 95.8M
 46900K .......... .......... .......... .......... ..........  106M
 46950K .......... .......... .......... .......... .......... 94.5M
 47000K .......... .......... .......... .......... .......... 69.9M
 47050K .......... .......... .......... .......... ..........  106M
 47100K .......... .......... .......... .......... .......... 91.5M
 47150K .......... .......... .......... .......... .......... 77.5M
 47200K .......... .......... .......... .......... .......... 74.4M
 47250K .......... .......... .......... .......... .......... 86.9M
 47300K .......... .......... .......... .......... .......... 99.5M
 47350K .......... .......... .......... .......... ..........  100M
 47400K .......... .......... .......... .......... .......... 74.3M
 47450K .......... .......... .......... .......... ..........  101M
 47500K .......... .......... .......... .......... ..........  127M
 47550K .......... .......... .......... .......... .......... 81.4M
 47600K .......... .......... .......... .......... .......... 97.4M
 47650K .......... .......... .......... .......... ..........  111M
 47700K .......... .......... .......... .......... ..........  125M
 47750K .......... .......... .......... .......... .......... 81.9M
 47800K .......... .......... .......... .......... .......... 84.4M
 47850K .......... .......... .......... .......... ..........  123M
 47900K .......... .......... .......... .......... ..........  129M
 47950K .......... .......... .......... .......... .......... 83.9M
 48000K .......... .......... .......... .......... .......... 71.5M
 48050K .......... .......... .......... .......... ..........  116M
 48100K .......... .......... .......... .......... .......... 92.5M
 48150K .......... .......... .......... .......... .......... 86.8M
 48200K .......... .......... .......... .......... ..........  121M
 48250K .......... .......... .......... .......... ..........  107M
 48300K .......... .......... .......... .......... .......... 99.8M
 48350K .......... .......... .......... .......... .......... 70.9M
 48400K .......... .......... .......... .......... ..........  116M
 48450K .......... .......... .......... .......... ..........  101M
 48500K .......... .......... .......... .......... ..........  110M
 48550K .......... .......... .......... .......... .......... 81.4M
 48600K .......... .......... .......... .......... .......... 99.4M
 48650K .......... .......... .......... .......... ..........  106M
 48700K .......... .......... .......... .......... .......... 84.6M
 48750K .......... .......... .......... .......... .......... 79.6M
 48800K .......... .......... .......... .......... ..........  106M
 48850K .......... .......... .......... .......... ..........  129M
 48900K .......... .......... .......... .......... .......... 86.1M
 48950K .......... .......... .......... .......... ..........  105M
 49000K .......... .......... .......... .......... ..........  120M
 49050K .......... .......... .......... .......... .......... 74.3M
 49100K .......... .......... .......... .......... .......... 90.7M
 49150K .......... .......... .......... .......... ..........  114M
 49200K .......... .......... .......... .......... ..........  268K
 49250K .......... .......... .......... .......... .......... 83.8M
 49300K .......... .......... .......... .......... .......... 80.2M
 49350K .......... .......... .......... .......... .......... 36.2M
 49400K .......... .......... .......... .......... ..........  171M
 49450K .......... .......... .......... .......... ..........  238M
 49500K .......... .......... .......... .......... ..........  237M
 49550K .......... .......... .......... .......... .......... 81.2M
 49600K .......... .......... .......... .......... .......... 70.4M
 49650K .......... .......... .......... .......... .......... 72.9M
 49700K .......... .......... .......... .......... .......... 64.5M
 49750K .......... .......... .......... .......... .......... 81.0M
 49800K .......... .......... .......... .......... .......... 69.1M
 49850K .......... .......... .......... .......... .......... 85.2M
 49900K .......... .......... .......... .......... .......... 41.7M
 49950K .......... .......... .......... .......... .......... 69.8M
 50000K .......... .......... .......... .......... .......... 75.0M
 50050K .......... .......... .......... .......... ..........  104M
 50100K .......... .......... .......... .......... ..........  104M
 50150K .......... .......... .......... .......... ..........  104M
 50200K .......... .......... .......... .......... .......... 74.3M
 50250K .......... .......... .......... .......... .......... 96.3M
 50300K .......... .......... .......... .......... .......... 70.5M
 50350K .......... .......... .......... .......... .......... 95.2M
 50400K .......... .......... .......... .......... .......... 82.0M
 50450K .......... .......... .......... .......... ..........  117M
 50500K .......... .......... .......... .......... ..........  123M
 50550K .......... .......... .......... .......... .......... 62.5M
 50600K .......... .......... .......... .......... ..........  136M
 50650K .......... .......... .......... .......... .......... 93.0M
 50700K .......... .......... .......... .......... ..........  105M
 50750K .......... .......... .......... .......... .......... 75.2M
 50800K .......... .......... .......... .......... ..........  118M
 50850K .......... .......... .......... .......... ..........  112M
 50900K .......... .......... .......... .......... .......... 97.5M
 50950K .......... .......... .......... .......... ..........  101M
 51000K .......... .......... .......... .......... .......... 94.5M
 51050K .......... .......... .......... .......... ..........  114M
 51100K .......... .......... .......... .......... ..........  108M
 51150K .......... .......... .......... .......... .......... 66.6M
 51200K .......... .......... .......... .......... ..........  123M
 51250K .......... .......... .......... .......... ..........  103M
 51300K .......... .......... .......... .......... ..........  114M
 51350K .......... .......... .......... .......... .......... 85.1M
 51400K .......... .......... .......... .......... ..........  124M
 51450K .......... .......... .......... .......... .......... 91.5M
 51500K .......... .......... .......... .......... .......... 93.2M
 51550K .......... .......... .......... .......... .......... 90.7M
 51600K .......... .......... .......... .......... ..........  112M
 51650K .......... .......... .......... .......... ..........  128M
 51700K .......... .......... .......... .......... ..........  121M
 51750K .......... .......... .......... .......... ..........  107M
 51800K .......... .......... .......... .......... .......... 93.8M
 51850K .......... .......... .......... .......... .......... 40.7M
 51900K .......... .......... .......... .......... .......... 92.7M
 51950K .......... .......... .......... .......... ..........  121M
 52000K .......... .......... .......... .......... ..........  118M
 52050K .......... .......... .......... .......... ..........  131M
 52100K .......... .......... .......... .......... ..........  123M
 52150K .......... .......... .......... .......... .......... 99.4M
 52200K .......... .......... .......... .......... .......... 79.0M
 52250K .......... .......... .......... .......... ..........  116M
 52300K .......... .......... .......... .......... ..........  114M
 52350K .......... .......... .......... .......... ..........  113M
 52400K .......... .......... .......... .......... ..........  107M
 52450K .......... .......... .......... .......... ..........  120M
 52500K .......... .......... .......... .......... ..........  102M
 52550K .......... .......... .......... .......... .......... 85.0M
 52600K .......... .......... .......... .......... .......... 99.4M
 52650K .......... .......... .......... .......... ..........  118M
 52700K .......... .......... .......... .......... ..........  131M
 52750K .......... .......... .......... .......... .......... 93.5M
 52800K .......... .......... .......... .......... ..........  121M
 52850K .......... .......... .......... .......... ..........  135M
 52900K .......... .......... .......... .......... ..........  110M
 52950K .......... .......... .......... .......... ..........  107M
 53000K .......... .......... .......... .......... .......... 82.1M
 53050K .......... .......... .......... .......... ..........  123M
 53100K .......... .......... .......... .......... ..........  111M
 53150K .......... .......... .......... .......... ..........  104M
 53200K .......... .......... .......... .......... ..........  115M
 53250K .......... .......... .......... .......... .......... 98.0M
 53300K .......... .......... .......... .......... ..........  266K
 53350K .......... .......... .......... .......... .......... 77.9M
 53400K .......... .......... .......... .......... ..........  104M
 53450K .......... .......... .......... .......... .......... 53.1M
 53500K .......... .......... .......... .......... ..........  109M
 53550K .......... .......... .......... .......... ..........  108M
 53600K .......... .......... .......... .......... .......... 78.7M
 53650K .......... .......... .......... .......... ..........  118M
 53700K .......... .......... .......... .......... ..........  102M
 53750K .......... .......... .......... .......... ..........  100M
 53800K .......... .......... .......... .......... ..........  104M
 53850K .......... .......... .......... .......... .......... 99.9M
 53900K .......... .......... .......... .......... ..........  122M
 53950K .......... .......... .......... .......... .......... 89.8M
 54000K .......... .......... .......... .......... .......... 63.7M
 54050K .......... .......... .......... .......... ..........  137M
 54100K .......... .......... .......... .......... .......... 89.3M
 54150K .......... .......... .......... .......... ..........  120M
 54200K .......... .......... .......... .......... .......... 98.3M
 54250K .......... .......... .......... .......... ..........  102M
 54300K .......... .......... .......... .......... ..........  123M
 54350K .......... .......... .......... .......... .......... 88.7M
 54400K .......... .......... .......... .......... ..........  117M
 54450K .......... .......... .......... .......... .......... 96.7M
 54500K .......... .......... .......... .......... ..........  119M
 54550K .......... .......... .......... .......... ..........  102M
 54600K .......... .......... .......... .......... .......... 99.7M
 54650K .......... .......... .......... .......... ..........  118M
 54700K .......... .......... .......... .......... ..........  100M
 54750K .......... .......... .......... .......... ..........  101M
 54800K .......... .......... .......... .......... .......... 30.5M
 54850K .......... .......... .......... .......... ..........  170M
 54900K .......... .......... .......... .......... ..........  106M
 54950K .......... .......... .......... .......... .......... 93.1M
 55000K .......... .......... .......... .......... ..........  111M
 55050K .......... .......... .......... .......... ..........  111M
 55100K .......... .......... .......... .......... ..........  114M
 55150K .......... .......... .......... .......... .......... 67.3M
 55200K .......... .......... .......... .......... ..........  107M
 55250K .......... .......... .......... .......... .......... 86.3M
 55300K .......... .......... .......... .......... ..........  118M
 55350K .......... .......... .......... .......... .......... 98.9M
 55400K .......... .......... .......... .......... ..........  107M
 55450K .......... .......... .......... .......... ..........  117M
 55500K .......... .......... .......... .......... ..........  107M
 55550K .......... .......... .......... .......... .......... 97.8M
 55600K .......... .......... .......... .......... ..........  100M
 55650K .......... .......... .......... .......... ..........  108M
 55700K .......... .......... .......... .......... ..........  107M
 55750K .......... .......... .......... .......... .......... 97.4M
 55800K .......... .......... .......... .......... .......... 99.1M
 55850K .......... .......... .......... .......... ..........  125M
 55900K .......... .......... .......... .......... ..........  121M
 55950K .......... .......... .......... .......... .......... 82.8M
 56000K .......... .......... .......... .......... ..........  109M
 56050K .......... .......... .......... .......... ..........  114M
 56100K .......... .......... .......... .......... ..........  114M
 56150K .......... .......... .......... .......... .......... 97.0M
 56200K .......... .......... .......... .......... ..........  112M
 56250K .......... .......... .......... .......... ..........  103M
 56300K .......... .......... .......... .......... .......... 99.1M
 56350K .......... .......... .......... .......... ..........  101M
 56400K .......... .......... .......... .......... ..........  108M
 56450K .......... .......... .......... .......... ..........  112M
 56500K .......... .......... .......... .......... ..........  110M
 56550K .......... .......... .......... .......... ..........  100M
 56600K .......... .......... .......... .......... .......... 85.3M
 56650K .......... .......... .......... .......... .......... 98.3M
 56700K .......... .......... .......... .......... .......... 86.8M
 56750K .......... .......... .......... .......... .......... 73.3M
 56800K .......... .......... .......... .......... .......... 93.6M
 56850K .......... .......... .......... .......... .......... 87.1M
 56900K .......... .......... .......... .......... ..........  116M
 56950K .......... .......... .......... .......... .......... 97.5M
 57000K .......... .......... .......... .......... ..........  103M
 57050K .......... .......... .......... .......... ..........  116M
 57100K .......... .......... .......... .......... .......... 92.2M
 57150K .......... .......... .......... .......... .......... 90.2M
 57200K .......... .......... .......... .......... ..........  120M
 57250K .......... .......... .......... .......... .......... 79.3M
 57300K .......... .......... .......... .......... ..........  107M
 57350K .......... .......... .......... .......... .......... 94.4M
 57400K .......... .......... .......... .......... ..........  272K
 57450K .......... .......... .......... .......... .......... 72.9M
 57500K .......... .......... .......... .......... .......... 74.0M
 57550K .......... .......... .......... .......... .......... 68.8M
 57600K .......... .......... .......... .......... .......... 65.6M
 57650K .......... .......... .......... .......... .......... 73.0M
 57700K .......... .......... .......... .......... .......... 88.6M
 57750K .......... .......... .......... .......... .......... 36.1M
 57800K .......... .......... .......... .......... ..........  109M
 57850K .......... .......... .......... .......... .......... 91.6M
 57900K .......... .......... .......... .......... .......... 51.7M
 57950K .......... .......... .......... .......... .......... 72.2M
 58000K .......... .......... .......... .......... .......... 59.7M
 58050K .......... .......... .......... .......... .......... 61.0M
 58100K .......... .......... .......... .......... .......... 96.2M
 58150K .......... .......... .......... .......... .......... 71.8M
 58200K .......... .......... .......... .......... .......... 68.9M
 58250K .......... .......... .......... .......... .......... 85.4M
 58300K .......... .......... .......... .......... .......... 26.6M
 58350K .......... .......... .......... .......... ..........  107M
 58400K .......... .......... .......... .......... ..........  103M
 58450K .......... .......... .......... .......... ..........  122M
 58500K .......... .......... .......... .......... .......... 94.7M
 58550K .......... .......... .......... .......... ..........  101M
 58600K .......... .......... .......... .......... ..........  101M
 58650K .......... .......... .......... .......... .......... 63.4M
 58700K .......... .......... .......... .......... .......... 44.2M
 58750K .......... .......... .......... .......... .......... 73.6M
 58800K .......... .......... .......... .......... .......... 74.4M
 58850K .......... .......... .......... .......... .......... 75.8M
 58900K .......... .......... .......... .......... .......... 74.5M
 58950K .......... .......... .......... .......... .......... 70.1M
 59000K .......... .......... .......... .......... .......... 95.8M
 59050K .......... .......... .......... .......... .......... 75.9M
 59100K .......... .......... .......... .......... .......... 72.1M
 59150K .......... .......... .......... .......... .......... 51.3M
 59200K .......... .......... .......... .......... .......... 99.2M
 59250K .......... .......... .......... .......... .......... 82.1M
 59300K .......... .......... .......... .......... .......... 80.7M
 59350K .......... .......... .......... .......... .......... 75.3M
 59400K .......... .......... .......... .......... ..........  106M
 59450K .......... .......... .......... .......... .......... 67.8M
 59500K .......... .......... .......... .......... .......... 94.8M
 59550K .......... .......... .......... .......... .......... 72.4M
 59600K .......... .......... .......... .......... .......... 47.0M
 59650K .......... .......... .......... .......... .......... 94.1M
 59700K .......... .......... .......... .......... .......... 86.3M
 59750K .......... .......... .......... .......... .......... 67.3M
 59800K .......... .......... .......... .......... .......... 97.8M
 59850K .......... .......... .......... .......... .......... 83.1M
 59900K .......... .......... .......... .......... .......... 54.9M
 59950K .......... .......... .......... .......... .......... 81.5M
 60000K .......... .......... .......... .......... ..........  102M
 60050K .......... .......... .......... .......... .......... 72.1M
 60100K .......... .......... .......... .......... .......... 75.1M
 60150K .......... .......... .......... .......... .......... 58.5M
 60200K .......... .......... .......... .......... .......... 72.9M
 60250K .......... .......... .......... .......... .......... 57.8M
 60300K .......... .......... .......... .......... ..........  107M
 60350K .......... .......... .......... .......... .......... 63.8M
 60400K .......... .......... .......... .......... .......... 82.0M
 60450K .......... .......... .......... .......... .......... 86.7M
 60500K .......... .......... .......... .......... .......... 94.0M
 60550K .......... .......... .......... .......... .......... 88.7M
 60600K .......... .......... .......... .......... ..........  107M
 60650K .......... .......... .......... .......... ..........  125M
 60700K .......... .......... .......... .......... ..........  103M
 60750K .......... .......... .......... .......... .......... 80.4M
 60800K .......... .......... .......... .......... .......... 93.8M
 60850K .......... .......... .......... .......... .......... 92.8M
 60900K .......... .......... .......... .......... .......... 81.7M
 60950K .......... .......... .......... .......... ..........  105M
 61000K .......... .......... .......... .......... ..........  104M
 61050K .......... .......... .......... .......... ..........  119M
 61100K .......... .......... .......... .......... ..........  123M
 61150K .......... .......... .......... .......... ..........  101M
 61200K .......... .......... .......... .......... .......... 66.0M
 61250K .......... .......... .......... .......... ..........  115M
 61300K .......... .......... .......... .......... ..........  103M
 61350K .......... .......... .......... .......... .......... 83.1M
 61400K .......... .......... .......... .......... ..........  112M
 61450K .......... .......... .......... .......... ..........  104M
 61500K .......... .......... .......... .......... ..........  994K
 61550K .......... .......... .......... .......... .......... 73.3M
 61600K .......... .......... .......... .......... .......... 95.7M
 61650K .......... .......... .......... .......... ..........  119M
 61700K .......... .......... .......... .......... ..........  105M
 61750K .......... .......... .......... .......... .......... 97.9M
 61800K .......... .......... .......... .......... .......... 72.1M
 61850K .......... .......... .......... .......... .......... 90.1M
 61900K .......... .......... .......... .......... ..........  102M
 61950K .......... .......... .......... .......... .......... 95.3M
 62000K .......... .......... .......... .......... .......... 92.8M
 62050K .......... .......... .......... .......... ..........  121M
 62100K .......... .......... .......... .......... .......... 89.6M
 62150K .......... .......... .......... .......... .......... 49.9M
 62200K .......... .......... .......... .......... ..........  148M
 62250K .......... .......... .......... .......... ..........  108M
 62300K .......... .......... .......... .......... .......... 99.5M
 62350K .......... .......... .......... .......... .......... 86.3M
 62400K .......... .......... .......... .......... ..........  107M
 62450K .......... .......... .......... .......... .......... 83.8M
 62500K .......... .......... .......... .......... ..........  139M
 62550K .......... .......... .......... .......... .......... 93.7M
 62600K .......... .......... .......... .......... .......... 50.8M
 62650K .......... .......... .......... .......... ..........  173M
 62700K .......... .......... .......... .......... .......... 87.0M
 62750K .......... .......... .......... .......... .......... 88.1M
 62800K .......... .......... .......... .......... ..........  106M
 62850K .......... .......... .......... .......... ..........  148M
 62900K .......... .......... .......... .......... .......... 51.6M
 62950K .......... .......... .......... .......... ..........  189M
 63000K .......... .......... .......... .......... ..........  212M
 63050K .......... .......... .......... .......... ..........  121M
 63100K .......... .......... .......... .......... .......... 63.6M
 63150K .......... .......... ........                         70.0M=3.4s

2020-03-22 08:23:46 (18.3 MB/s) - ‘download/tmp/OpenWrt firmware.zip’ saved [64694338]

